<?xml version="1.0" encoding="UTF-8"?>
<testng-results skipped="0" failed="0" ignored="0" total="3" passed="3">
  <reporter-output>
  </reporter-output>
  <suite name="Sample test Suite (0)" duration-ms="1" started-at="2021-04-04T21:25:05Z" finished-at="2021-04-04T21:25:05Z">
    <groups>
    </groups>
    <test name="Sample test 1" duration-ms="1" started-at="2021-04-04T21:25:05Z" finished-at="2021-04-04T21:25:05Z">
      <class name="MavenProject.Myclass3">
        <test-method status="PASS" signature="myFunction()[pri:0, instance:MavenProject.Myclass3@2acf57e3]" name="myFunction" duration-ms="0" started-at="2021-04-04T21:25:05Z" finished-at="2021-04-04T21:25:05Z">
          <reporter-output>
          </reporter-output>
        </test-method> <!-- myFunction -->
      </class> <!-- MavenProject.Myclass3 -->
    </test> <!-- Sample test 1 -->
  </suite> <!-- Sample test Suite (0) -->
  <suite name="Sample test Suite" duration-ms="25" started-at="2021-04-04T21:25:05Z" finished-at="2021-04-04T21:25:05Z">
    <groups>
    </groups>
    <test name="Sample test 1" duration-ms="25" started-at="2021-04-04T21:25:05Z" finished-at="2021-04-04T21:25:05Z">
      <class name="MavenProject.Myclass1">
        <test-method status="PASS" signature="myFunction()[pri:0, instance:MavenProject.Myclass1@1cd072a9]" name="myFunction" duration-ms="9" started-at="2021-04-04T21:25:05Z" finished-at="2021-04-04T21:25:05Z">
          <reporter-output>
          </reporter-output>
        </test-method> <!-- myFunction -->
      </class> <!-- MavenProject.Myclass1 -->
      <class name="MavenProject.Myclass2">
        <test-method status="PASS" signature="myFunction()[pri:0, instance:MavenProject.Myclass2@7c75222b]" name="myFunction" duration-ms="1" started-at="2021-04-04T21:25:05Z" finished-at="2021-04-04T21:25:05Z">
          <reporter-output>
          </reporter-output>
        </test-method> <!-- myFunction -->
      </class> <!-- MavenProject.Myclass2 -->
    </test> <!-- Sample test 1 -->
  </suite> <!-- Sample test Suite -->
</testng-results>
