<?xml version="1.0" encoding="UTF-8"?>
<testsuite xmlns:xsi="http://www.w3.org/2001/XMLSchema-instance" xsi:noNamespaceSchemaLocation="https://maven.apache.org/surefire/maven-surefire-plugin/xsd/surefire-test-report.xsd" name="TestSuite" time="0.993" tests="3" errors="0" skipped="0" failures="0">
  <properties>
[...]
</properties>
  <testcase name="myFunction" classname="MavenProject.Myclass1" time="0.011"/>
  <testcase name="myFunction" classname="MavenProject.Myclass2" time="0"/>
  <testcase name="myFunction" classname="MavenProject.Myclass3" time="0"/>
</testsuite>